#
# A fatal error has been detected by the Java Runtime Environment:
#
#  EXCEPTION_ACCESS_VIOLATION (0xc0000005) at pc=0x000000005c4dd457, pid=4228, tid=0x0000000000001f1c
#
# JRE version: Java(TM) SE Runtime Environment (8.0_151-b12) (build 1.8.0_151-b12)
# Java VM: Java HotSpot(TM) 64-Bit Server VM (25.151-b12 mixed mode windows-amd64 compressed oops)
# Problematic frame:
# V  [jvm.dll+0x49d457]
#
# Failed to write core dump. Minidumps are not enabled by default on client versions of Windows
#
# If you would like to submit a bug report, please visit:
#   http://bugreport.java.com/bugreport/crash.jsp
#

---------------  T H R E A D  ---------------

Current thread (0x000000001bc97000):  JavaThread "C2 CompilerThread0" daemon [_thread_in_native, id=7964, stack(0x000000001d2e0000,0x000000001d3e0000)]

siginfo: ExceptionCode=0xc0000005, reading address 0x000000042276b970

Registers:
RAX=0x000000042276b970, RBX=0x00000000000000f5, RCX=0x0000000000000000, RDX=0x00000000246c1590
RSP=0x000000001d3dc1c0, RBP=0x00000000000111e0, RSI=0x0000000000000272, RDI=0x000000002276b960
R8 =0x000000000f0300ff, R9 =0x0000000000006b30, R10=0x000000001d3dc530, R11=0x0000000000000014
R12=0x00000000246c1590, R13=0x000000001d3dc820, R14=0x000000005c040000, R15=0x000000005c85df90
RIP=0x000000005c4dd457, EFLAGS=0x0000000000010247

Top of Stack: (sp=0x000000001d3dc1c0)
0x000000001d3dc1c0:   0000000000000202 0000000000016ab0
0x000000001d3dc1d0:   00000000000111e0 0000000000000272
0x000000001d3dc1e0:   000000f900000000 0000000000000008
0x000000001d3dc1f0:   0000000020fc2f80 0000000100000001
0x000000001d3dc200:   000000001d3dc3b0 0000000000000004
0x000000001d3dc210:   000000001d3dc3a0 000000005c5190b4
0x000000001d3dc220:   0000000000000005 00000000232c4f68
0x000000001d3dc230:   00000000243cf130 00000000246c1590
0x000000001d3dc240:   000000001d3dc820 000000005c4de938
0x000000001d3dc250:   00000000000111e0 0000000000016ab0
0x000000001d3dc260:   000000001d3dc350 00000000246c9c18
0x000000001d3dc270:   0000000c00000000 0000000000000015
0x000000001d3dc280:   00000000232c4f68 0000027200000000
0x000000001d3dc290:   0000008600000014 0000000000000006
0x000000001d3dc2a0:   0000000005155455 0000000000000000
0x000000001d3dc2b0:   0000000000000000 0000000000000000 

Instructions: (pc=0x000000005c4dd457)
0x000000005c4dd437:   8b de 48 8d 3c 80 48 c1 e7 05 49 03 7a 10 85 db
0x000000005c4dd447:   0f 84 f3 fe ff ff 48 8b 47 08 8b cb 48 c1 e9 08
0x000000005c4dd457:   4c 8b 0c c8 4d 3b cf 75 0d 8b d3 48 8b cf e8 26
0x000000005c4dd467:   44 00 00 4c 8b c8 8b d3 83 e3 1f 41 b8 01 00 00 


Register to memory mapping:

RAX=0x000000042276b970 is an unknown value
RBX=0x00000000000000f5 is an unknown value
RCX=0x0000000000000000 is an unknown value
RDX=0x00000000246c1590 is an unknown value
RSP=0x000000001d3dc1c0 is pointing into the stack for thread: 0x000000001bc97000
RBP=0x00000000000111e0 is an unknown value
RSI=0x0000000000000272 is an unknown value
RDI=0x000000002276b960 is an unknown value
R8 =0x000000000f0300ff is an unknown value
R9 =0x0000000000006b30 is an unknown value
R10=0x000000001d3dc530 is pointing into the stack for thread: 0x000000001bc97000
R11=0x0000000000000014 is an unknown value
R12=0x00000000246c1590 is an unknown value
R13=0x000000001d3dc820 is pointing into the stack for thread: 0x000000001bc97000
R14=0x000000005c040000 is an unknown value
R15=0x000000005c85df90 is an unknown value


Stack: [0x000000001d2e0000,0x000000001d3e0000],  sp=0x000000001d3dc1c0,  free space=1008k
Native frames: (J=compiled Java code, j=interpreted, Vv=VM code, C=native code)
V  [jvm.dll+0x49d457]
V  [jvm.dll+0x49e938]
V  [jvm.dll+0x468cbd]
V  [jvm.dll+0x4740fb]
V  [jvm.dll+0x476a07]
V  [jvm.dll+0x459422]
V  [jvm.dll+0xa5be2]
V  [jvm.dll+0xa651f]
V  [jvm.dll+0x244adf]
V  [jvm.dll+0x29c3ea]
C  [msvcr100.dll+0x21d9f]
C  [msvcr100.dll+0x21e3b]
C  [KERNEL32.DLL+0x13dc4]
C  [ntdll.dll+0x73691]


Current CompileTask:
C2:  11311 5496       4       org.springframework.beans.factory.support.AbstractBeanFactory::getMergedLocalBeanDefinition (31 bytes)


---------------  P R O C E S S  ---------------

Java Threads: ( => current thread )
  0x0000000021592800 JavaThread "HikariPool-1 connection adder" daemon [_thread_blocked, id=14684, stack(0x0000000026290000,0x0000000026390000)]
  0x0000000021592000 JavaThread "HikariPool-1 housekeeper" daemon [_thread_blocked, id=6392, stack(0x0000000025c50000,0x0000000025d50000)]
  0x0000000021595000 JavaThread "MVStore background writer nio:C:/Users/francisco.filipe/polodb.mv.db" daemon [_thread_blocked, id=4976, stack(0x0000000025b50000,0x0000000025c50000)]
  0x000000001dfc2800 JavaThread "container-0" [_thread_blocked, id=4840, stack(0x0000000025750000,0x0000000025850000)]
  0x000000001e076000 JavaThread "ContainerBackgroundProcessor[StandardEngine[Tomcat]]" daemon [_thread_blocked, id=12504, stack(0x0000000025650000,0x0000000025750000)]
  0x0000000023247800 JavaThread "localhost-startStop-1" daemon [_thread_blocked, id=10036, stack(0x0000000025350000,0x0000000025450000)]
  0x000000001e813800 JavaThread "Tomcat-startStop-1" daemon [_thread_blocked, id=6572, stack(0x0000000025250000,0x0000000025350000)]
  0x000000001e59e800 JavaThread "restartedMain" [_thread_in_vm, id=13284, stack(0x000000001f5f0000,0x000000001f6f0000)]
  0x000000001e295800 JavaThread "Thread-0" [_thread_blocked, id=8780, stack(0x000000001f4f0000,0x000000001f5f0000)]
  0x000000001d619000 JavaThread "Service Thread" daemon [_thread_blocked, id=14960, stack(0x000000001d9e0000,0x000000001dae0000)]
  0x000000001bcc3000 JavaThread "C1 CompilerThread2" daemon [_thread_blocked, id=8060, stack(0x000000001d4e0000,0x000000001d5e0000)]
  0x000000001bc9d800 JavaThread "C2 CompilerThread1" daemon [_thread_in_native, id=14476, stack(0x000000001d3e0000,0x000000001d4e0000)]
=>0x000000001bc97000 JavaThread "C2 CompilerThread0" daemon [_thread_in_native, id=7964, stack(0x000000001d2e0000,0x000000001d3e0000)]
  0x000000001bc95800 JavaThread "Attach Listener" daemon [_thread_blocked, id=10144, stack(0x000000001d1e0000,0x000000001d2e0000)]
  0x000000001bc94800 JavaThread "Signal Dispatcher" daemon [_thread_blocked, id=8080, stack(0x000000001d0e0000,0x000000001d1e0000)]
  0x000000001bc80000 JavaThread "Finalizer" daemon [_thread_blocked, id=2320, stack(0x000000001cef0000,0x000000001cff0000)]
  0x0000000002695000 JavaThread "Reference Handler" daemon [_thread_blocked, id=4356, stack(0x000000001cdf0000,0x000000001cef0000)]
  0x00000000025a6000 JavaThread "main" [_thread_blocked, id=14440, stack(0x0000000002430000,0x0000000002530000)]

Other Threads:
  0x000000001bc57800 VMThread [stack: 0x000000001ccf0000,0x000000001cdf0000] [id=13572]
  0x000000001d694000 WatcherThread [stack: 0x000000001dae0000,0x000000001dbe0000] [id=2900]

VM state:not at safepoint (normal execution)

VM Mutex/Monitor currently owned by a thread: None

Heap:
 PSYoungGen      total 286208K, used 104485K [0x000000076b300000, 0x000000077e300000, 0x00000007c0000000)
  eden space 269312K, 32% used [0x000000076b300000,0x000000077088e690,0x000000077ba00000)
  from space 16896K, 99% used [0x000000077d280000,0x000000077e2fb058,0x000000077e300000)
  to   space 19968K, 0% used [0x000000077bc00000,0x000000077bc00000,0x000000077cf80000)
 ParOldGen       total 135168K, used 18964K [0x00000006c1800000, 0x00000006c9c00000, 0x000000076b300000)
  object space 135168K, 14% used [0x00000006c1800000,0x00000006c2a851b0,0x00000006c9c00000)
 Metaspace       used 54916K, capacity 57158K, committed 57304K, reserved 1099776K
  class space    used 7160K, capacity 7568K, committed 7680K, reserved 1048576K

Card table byte_map: [0x0000000011a60000,0x0000000012260000] byte_map_base: 0x000000000e454000

Marking Bits: (ParMarkBitMap*) 0x000000005c85d850
 Begin Bits: [0x0000000012bb0000, 0x0000000016b50000)
 End Bits:   [0x0000000016b50000, 0x000000001aaf0000)

Polling page: 0x0000000000b40000

CodeCache: size=245760Kb used=16794Kb max_used=16794Kb free=228965Kb
 bounds [0x00000000026a0000, 0x0000000003720000, 0x00000000116a0000]
 total_blobs=5419 nmethods=4890 adapters=441
 compilation: enabled

Compilation events (10 events):
Event: 11.258 Thread 0x000000001bcc3000 5506       2       java.lang.ThreadLocal$ThreadLocalMap::cleanSomeSlots (60 bytes)
Event: 11.258 Thread 0x000000001bcc3000 nmethod 5506 0x00000000037041d0 code [0x0000000003704340, 0x00000000037045a8]
Event: 11.261 Thread 0x000000001bcc3000 5507       2       org.springframework.aop.support.annotation.AnnotationClassFilter::matches (35 bytes)
Event: 11.261 Thread 0x000000001bcc3000 nmethod 5507 0x0000000003709bd0 code [0x0000000003709d60, 0x000000000370a098]
Event: 11.261 Thread 0x000000001bcc3000 5508       1       java.lang.ThreadLocal::initialValue (2 bytes)
Event: 11.262 Thread 0x000000001bcc3000 nmethod 5508 0x000000000370a390 code [0x000000000370a4e0, 0x000000000370a5f0]
Event: 11.262 Thread 0x000000001bcc3000 5509       1       org.springframework.aop.framework.autoproxy.AbstractAutoProxyCreator::postProcessAfterInstantiation (2 bytes)
Event: 11.262 Thread 0x000000001bcc3000 nmethod 5509 0x000000000370a650 code [0x000000000370a7a0, 0x000000000370a8b0]
Event: 11.264 Thread 0x000000001bcc3000 5510       2       org.springframework.aop.framework.AbstractAdvisingBeanPostProcessor::postProcessBeforeInitialization (2 bytes)
Event: 11.265 Thread 0x000000001bcc3000 nmethod 5510 0x000000000370a910 code [0x000000000370aa60, 0x000000000370abb0]

GC Heap History (10 events):
Event: 5.331 GC heap before
{Heap before GC invocations=6 (full 1):
 PSYoungGen      total 107008K, used 106649K [0x000000076b300000, 0x0000000774180000, 0x00000007c0000000)
  eden space 102912K, 100% used [0x000000076b300000,0x0000000771780000,0x0000000771780000)
  from space 4096K, 91% used [0x0000000773d80000,0x0000000774126720,0x0000000774180000)
  to   space 10752K, 0% used [0x0000000772c80000,0x0000000772c80000,0x0000000773700000)
 ParOldGen       total 104448K, used 9139K [0x00000006c1800000, 0x00000006c7e00000, 0x000000076b300000)
  object space 104448K, 8% used [0x00000006c1800000,0x00000006c20ecd50,0x00000006c7e00000)
 Metaspace       used 27900K, capacity 28898K, committed 29184K, reserved 1075200K
  class space    used 3589K, capacity 3836K, committed 3840K, reserved 1048576K
Event: 5.351 GC heap after
Heap after GC invocations=6 (full 1):
 PSYoungGen      total 135168K, used 8787K [0x000000076b300000, 0x0000000776500000, 0x00000007c0000000)
  eden space 124416K, 0% used [0x000000076b300000,0x000000076b300000,0x0000000772c80000)
  from space 10752K, 81% used [0x0000000772c80000,0x0000000773514fb8,0x0000000773700000)
  to   space 12288K, 0% used [0x0000000775900000,0x0000000775900000,0x0000000776500000)
 ParOldGen       total 104448K, used 9147K [0x00000006c1800000, 0x00000006c7e00000, 0x000000076b300000)
  object space 104448K, 8% used [0x00000006c1800000,0x00000006c20eed50,0x00000006c7e00000)
 Metaspace       used 27900K, capacity 28898K, committed 29184K, reserved 1075200K
  class space    used 3589K, capacity 3836K, committed 3840K, reserved 1048576K
}
Event: 6.763 GC heap before
{Heap before GC invocations=7 (full 1):
 PSYoungGen      total 135168K, used 133177K [0x000000076b300000, 0x0000000776500000, 0x00000007c0000000)
  eden space 124416K, 99% used [0x000000076b300000,0x0000000772c79550,0x0000000772c80000)
  from space 10752K, 81% used [0x0000000772c80000,0x0000000773514fb8,0x0000000773700000)
  to   space 12288K, 0% used [0x0000000775900000,0x0000000775900000,0x0000000776500000)
 ParOldGen       total 104448K, used 9147K [0x00000006c1800000, 0x00000006c7e00000, 0x000000076b300000)
  object space 104448K, 8% used [0x00000006c1800000,0x00000006c20eed50,0x00000006c7e00000)
 Metaspace       used 33814K, capacity 35338K, committed 35416K, reserved 1079296K
  class space    used 4358K, capacity 4658K, committed 4736K, reserved 1048576K
Event: 6.783 GC heap after
Heap after GC invocations=7 (full 1):
 PSYoungGen      total 165888K, used 12272K [0x000000076b300000, 0x0000000778a80000, 0x00000007c0000000)
  eden space 153600K, 0% used [0x000000076b300000,0x000000076b300000,0x0000000774900000)
  from space 12288K, 99% used [0x0000000775900000,0x00000007764fc270,0x0000000776500000)
  to   space 16384K, 0% used [0x0000000774900000,0x0000000774900000,0x0000000775900000)
 ParOldGen       total 104448K, used 12607K [0x00000006c1800000, 0x00000006c7e00000, 0x000000076b300000)
  object space 104448K, 12% used [0x00000006c1800000,0x00000006c244ff18,0x00000006c7e00000)
 Metaspace       used 33814K, capacity 35338K, committed 35416K, reserved 1079296K
  class space    used 4358K, capacity 4658K, committed 4736K, reserved 1048576K
}
Event: 6.843 GC heap before
{Heap before GC invocations=8 (full 1):
 PSYoungGen      total 165888K, used 36033K [0x000000076b300000, 0x0000000778a80000, 0x00000007c0000000)
  eden space 153600K, 15% used [0x000000076b300000,0x000000076ca34508,0x0000000774900000)
  from space 12288K, 99% used [0x0000000775900000,0x00000007764fc270,0x0000000776500000)
  to   space 16384K, 0% used [0x0000000774900000,0x0000000774900000,0x0000000775900000)
 ParOldGen       total 104448K, used 12607K [0x00000006c1800000, 0x00000006c7e00000, 0x000000076b300000)
  object space 104448K, 12% used [0x00000006c1800000,0x00000006c244ff18,0x00000006c7e00000)
 Metaspace       used 33892K, capacity 35338K, committed 35416K, reserved 1079296K
  class space    used 4362K, capacity 4658K, committed 4736K, reserved 1048576K
Event: 6.864 GC heap after
Heap after GC invocations=8 (full 1):
 PSYoungGen      total 169984K, used 12251K [0x000000076b300000, 0x000000077e300000, 0x00000007c0000000)
  eden space 153600K, 0% used [0x000000076b300000,0x000000076b300000,0x0000000774900000)
  from space 16384K, 74% used [0x0000000774900000,0x00000007754f6e80,0x0000000775900000)
  to   space 16896K, 0% used [0x000000077d280000,0x000000077d280000,0x000000077e300000)
 ParOldGen       total 104448K, used 12615K [0x00000006c1800000, 0x00000006c7e00000, 0x000000076b300000)
  object space 104448K, 12% used [0x00000006c1800000,0x00000006c2451f18,0x00000006c7e00000)
 Metaspace       used 33892K, capacity 35338K, committed 35416K, reserved 1079296K
  class space    used 4362K, capacity 4658K, committed 4736K, reserved 1048576K
}
Event: 6.864 GC heap before
{Heap before GC invocations=9 (full 2):
 PSYoungGen      total 169984K, used 12251K [0x000000076b300000, 0x000000077e300000, 0x00000007c0000000)
  eden space 153600K, 0% used [0x000000076b300000,0x000000076b300000,0x0000000774900000)
  from space 16384K, 74% used [0x0000000774900000,0x00000007754f6e80,0x0000000775900000)
  to   space 16896K, 0% used [0x000000077d280000,0x000000077d280000,0x000000077e300000)
 ParOldGen       total 104448K, used 12615K [0x00000006c1800000, 0x00000006c7e00000, 0x000000076b300000)
  object space 104448K, 12% used [0x00000006c1800000,0x00000006c2451f18,0x00000006c7e00000)
 Metaspace       used 33892K, capacity 35338K, committed 35416K, reserved 1079296K
  class space    used 4362K, capacity 4658K, committed 4736K, reserved 1048576K
Event: 6.952 GC heap after
Heap after GC invocations=9 (full 2):
 PSYoungGen      total 169984K, used 0K [0x000000076b300000, 0x000000077e300000, 0x00000007c0000000)
  eden space 153600K, 0% used [0x000000076b300000,0x000000076b300000,0x0000000774900000)
  from space 16384K, 0% used [0x0000000774900000,0x0000000774900000,0x0000000775900000)
  to   space 16896K, 0% used [0x000000077d280000,0x000000077d280000,0x000000077e300000)
 ParOldGen       total 135168K, used 17682K [0x00000006c1800000, 0x00000006c9c00000, 0x000000076b300000)
  object space 135168K, 13% used [0x00000006c1800000,0x00000006c2944b60,0x00000006c9c00000)
 Metaspace       used 33892K, capacity 35338K, committed 35416K, reserved 1079296K
  class space    used 4362K, capacity 4658K, committed 4736K, reserved 1048576K
}
Event: 9.878 GC heap before
{Heap before GC invocations=10 (full 2):
 PSYoungGen      total 169984K, used 153356K [0x000000076b300000, 0x000000077e300000, 0x00000007c0000000)
  eden space 153600K, 99% used [0x000000076b300000,0x00000007748c32e8,0x0000000774900000)
  from space 16384K, 0% used [0x0000000774900000,0x0000000774900000,0x0000000775900000)
  to   space 16896K, 0% used [0x000000077d280000,0x000000077d280000,0x000000077e300000)
 ParOldGen       total 135168K, used 17682K [0x00000006c1800000, 0x00000006c9c00000, 0x000000076b300000)
  object space 135168K, 13% used [0x00000006c1800000,0x00000006c2944b60,0x00000006c9c00000)
 Metaspace       used 49415K, capacity 51116K, committed 51672K, reserved 1093632K
  class space    used 6484K, capacity 6805K, committed 6912K, reserved 1048576K
Event: 9.909 GC heap after
Heap after GC invocations=10 (full 2):
 PSYoungGen      total 286208K, used 16876K [0x000000076b300000, 0x000000077e300000, 0x00000007c0000000)
  eden space 269312K, 0% used [0x000000076b300000,0x000000076b300000,0x000000077ba00000)
  from space 16896K, 99% used [0x000000077d280000,0x000000077e2fb058,0x000000077e300000)
  to   space 19968K, 0% used [0x000000077bc00000,0x000000077bc00000,0x000000077cf80000)
 ParOldGen       total 135168K, used 18964K [0x00000006c1800000, 0x00000006c9c00000, 0x000000076b300000)
  object space 135168K, 14% used [0x00000006c1800000,0x00000006c2a851b0,0x00000006c9c00000)
 Metaspace       used 49415K, capacity 51116K, committed 51672K, reserved 1093632K
  class space    used 6484K, capacity 6805K, committed 6912K, reserved 1048576K
}

Deoptimization events (10 events):
Event: 10.913 Thread 0x000000001e59e800 Uncommon trap: reason=unstable_if action=reinterpret pc=0x000000000327fbb4 method=org.springframework.asm.MethodWriter.visitFrame(Lorg/springframework/asm/Frame;)V @ 62
Event: 10.918 Thread 0x000000001e59e800 Uncommon trap: reason=unstable_if action=reinterpret pc=0x0000000003080adc method=org.springframework.asm.MethodWriter.visitMethodInsn(ILjava/lang/String;Ljava/lang/String;Ljava/lang/String;Z)V @ 37
Event: 11.001 Thread 0x000000001e59e800 Uncommon trap: reason=class_check action=maybe_recompile pc=0x0000000002c552d0 method=java.lang.Class.getDeclaredAnnotation(Ljava/lang/Class;)Ljava/lang/annotation/Annotation; @ 18
Event: 11.040 Thread 0x000000001e59e800 Uncommon trap: reason=class_check action=maybe_recompile pc=0x0000000002c552d0 method=java.lang.Class.getDeclaredAnnotation(Ljava/lang/Class;)Ljava/lang/annotation/Annotation; @ 18
Event: 11.139 Thread 0x000000001e59e800 Uncommon trap: reason=unstable_if action=reinterpret pc=0x00000000031b31ec method=org.springframework.aop.framework.autoproxy.AbstractAutoProxyCreator.predictBeanType(Ljava/lang/Class;Ljava/lang/String;)Ljava/lang/Class; @ 9
Event: 11.148 Thread 0x000000001e59e800 Uncommon trap: reason=unstable_if action=reinterpret pc=0x00000000030d5324 method=org.springframework.beans.factory.support.AbstractAutowireCapableBeanFactory.predictBeanType(Ljava/lang/String;Lorg/springframework/beans/factory/support/RootBeanDefinition;
Event: 11.228 Thread 0x000000001e59e800 Uncommon trap: reason=class_check action=maybe_recompile pc=0x00000000036ee91c method=org.springframework.beans.factory.support.AbstractBeanFactory.isTypeMatch(Ljava/lang/String;Lorg/springframework/core/ResolvableType;)Z @ 47
Event: 11.243 Thread 0x000000001e59e800 Uncommon trap: reason=class_check action=maybe_recompile pc=0x00000000036ee91c method=org.springframework.beans.factory.support.AbstractBeanFactory.isTypeMatch(Ljava/lang/String;Lorg/springframework/core/ResolvableType;)Z @ 47
Event: 11.243 Thread 0x000000001e59e800 Uncommon trap: reason=class_check action=maybe_recompile pc=0x00000000036ee91c method=org.springframework.beans.factory.support.AbstractBeanFactory.isTypeMatch(Ljava/lang/String;Lorg/springframework/core/ResolvableType;)Z @ 47
Event: 11.243 Thread 0x000000001e59e800 Uncommon trap: reason=class_check action=maybe_recompile pc=0x00000000036ee91c method=org.springframework.beans.factory.support.AbstractBeanFactory.isTypeMatch(Ljava/lang/String;Lorg/springframework/core/ResolvableType;)Z @ 47

Internal exceptions (10 events):
Event: 11.259 Thread 0x000000001e59e800 Exception <a 'java/lang/ClassNotFoundException': java/lang/ObjectCustomizer> (0x000000076ff52ea8) thrown at [C:\re\workspace\8-2-build-windows-amd64-cygwin\jdk8u151\9699\hotspot\src\share\vm\classfile\systemDictionary.cpp, line 210]
Event: 11.259 Thread 0x000000001e59e800 Exception <a 'java/lang/ClassNotFoundException': org/springframework/boot/autoconfigure/web/servlet/DispatcherServletAutoConfigurationCustomizer> (0x000000076ff755e0) thrown at [C:\re\workspace\8-2-build-windows-amd64-cygwin\jdk8u151\9699\hotspot\src\shar
Event: 11.260 Thread 0x000000001e59e800 Exception <a 'java/lang/ClassNotFoundException': org/springframework/boot/autoconfigure/web/servlet/DispatcherServletAutoConfiguration$$EnhancerBySpringCGLIB$$1cc26bc8Customizer> (0x000000076ff9dbc0) thrown at [C:\re\workspace\8-2-build-windows-amd64-cygw
Event: 11.260 Thread 0x000000001e59e800 Exception <a 'java/lang/ClassNotFoundException': org/springframework/context/annotation/ConfigurationClassEnhancer$EnhancedConfigurationCustomizer> (0x000000076ffc31c8) thrown at [C:\re\workspace\8-2-build-windows-amd64-cygwin\jdk8u151\9699\hotspot\src\sh
Event: 11.262 Thread 0x000000001e59e800 Exception <a 'java/lang/ClassNotFoundException': java/lang/ObjectCustomizer> (0x000000076ffd5898) thrown at [C:\re\workspace\8-2-build-windows-amd64-cygwin\jdk8u151\9699\hotspot\src\share\vm\classfile\systemDictionary.cpp, line 210]
Event: 11.263 Thread 0x000000001e59e800 Exception <a 'java/lang/ClassNotFoundException': org/springframework/boot/autoconfigure/validation/ValidationAutoConfigurationCustomizer> (0x000000076fff5fe0) thrown at [C:\re\workspace\8-2-build-windows-amd64-cygwin\jdk8u151\9699\hotspot\src\share\vm\cla
Event: 11.263 Thread 0x000000001e59e800 Exception <a 'java/lang/ClassNotFoundException': org/springframework/boot/autoconfigure/validation/ValidationAutoConfiguration$$EnhancerBySpringCGLIB$$9f5fa795Customizer> (0x000000077001da70) thrown at [C:\re\workspace\8-2-build-windows-amd64-cygwin\jdk8u
Event: 11.264 Thread 0x000000001e59e800 Exception <a 'java/lang/ClassNotFoundException': org/springframework/context/annotation/ConfigurationClassEnhancer$EnhancedConfigurationCustomizer> (0x0000000770042d08) thrown at [C:\re\workspace\8-2-build-windows-amd64-cygwin\jdk8u151\9699\hotspot\src\sh
Event: 11.271 Thread 0x000000001e59e800 Exception <a 'java/lang/ClassNotFoundException': java/lang/ObjectCustomizer> (0x000000077009eb60) thrown at [C:\re\workspace\8-2-build-windows-amd64-cygwin\jdk8u151\9699\hotspot\src\share\vm\classfile\systemDictionary.cpp, line 210]
Event: 11.272 Thread 0x000000001e59e800 Exception <a 'java/lang/ClassNotFoundException': org/springframework/validation/beanvalidation/SpringValidatorAdapterCustomizer> (0x00000007700bcd48) thrown at [C:\re\workspace\8-2-build-windows-amd64-cygwin\jdk8u151\9699\hotspot\src\share\vm\classfile\sy

Events (10 events):
Event: 11.271 loading class java/lang/ObjectCustomizer
Event: 11.271 loading class java/lang/ObjectCustomizer done
Event: 11.271 loading class java/lang/ObjectCustomizer
Event: 11.271 loading class java/lang/ObjectCustomizer done
Event: 11.271 loading class org/springframework/validation/beanvalidation/SpringValidatorAdapterCustomizer
Event: 11.271 loading class org/springframework/validation/beanvalidation/SpringValidatorAdapterCustomizer done
Event: 11.272 loading class org/springframework/validation/beanvalidation/SpringValidatorAdapterCustomizer
Event: 11.272 loading class org/springframework/validation/beanvalidation/SpringValidatorAdapterCustomizer done
Event: 11.272 loading class org/springframework/validation/beanvalidation/SpringValidatorAdapterCustomizer
Event: 11.272 loading class org/springframework/validation/beanvalidation/SpringValidatorAdapterCustomizer done


Dynamic libraries:
0x00007ff66ec60000 - 0x00007ff66ec97000 	C:\Program Files\Java\jdk1.8.0_151\bin\javaw.exe
0x00007ff91d540000 - 0x00007ff91d721000 	C:\WINDOWS\SYSTEM32\ntdll.dll
0x00007ff91cf10000 - 0x00007ff91cfc2000 	C:\WINDOWS\System32\KERNEL32.DLL
0x00007ff919bc0000 - 0x00007ff919e33000 	C:\WINDOWS\System32\KERNELBASE.dll
0x00007ff91a9d0000 - 0x00007ff91aa71000 	C:\WINDOWS\System32\ADVAPI32.dll
0x00007ff91c730000 - 0x00007ff91c7ce000 	C:\WINDOWS\System32\msvcrt.dll
0x00007ff91cc40000 - 0x00007ff91cc9b000 	C:\WINDOWS\System32\sechost.dll
0x00007ff91aa80000 - 0x00007ff91aba4000 	C:\WINDOWS\System32\RPCRT4.dll
0x00007ff91cd80000 - 0x00007ff91cf10000 	C:\WINDOWS\System32\USER32.dll
0x00007ff91a9b0000 - 0x00007ff91a9d0000 	C:\WINDOWS\System32\win32u.dll
0x00007ff91d4e0000 - 0x00007ff91d508000 	C:\WINDOWS\System32\GDI32.dll
0x00007ff91a100000 - 0x00007ff91a292000 	C:\WINDOWS\System32\gdi32full.dll
0x00007ff919a20000 - 0x00007ff919abf000 	C:\WINDOWS\System32\msvcp_win.dll
0x00007ff919ac0000 - 0x00007ff919bba000 	C:\WINDOWS\System32\ucrtbase.dll
0x00007ff908410000 - 0x00007ff908679000 	C:\WINDOWS\WinSxS\amd64_microsoft.windows.common-controls_6595b64144ccf1df_6.0.17134.590_none_fb3d9bff3069e088\COMCTL32.dll
0x00007ff91ae60000 - 0x00007ff91b182000 	C:\WINDOWS\System32\combase.dll
0x00007ff91a080000 - 0x00007ff91a0fa000 	C:\WINDOWS\System32\bcryptPrimitives.dll
0x00007ff91c950000 - 0x00007ff91c97d000 	C:\WINDOWS\System32\IMM32.DLL
0x000000005c8e0000 - 0x000000005c9b2000 	C:\Program Files\Java\jdk1.8.0_151\jre\bin\msvcr100.dll
0x000000005c040000 - 0x000000005c8dd000 	C:\Program Files\Java\jdk1.8.0_151\jre\bin\server\jvm.dll
0x00007ff91c980000 - 0x00007ff91c988000 	C:\WINDOWS\System32\PSAPI.DLL
0x00007ff910090000 - 0x00007ff91009a000 	C:\WINDOWS\SYSTEM32\VERSION.dll
0x00007ff910270000 - 0x00007ff910293000 	C:\WINDOWS\SYSTEM32\WINMM.dll
0x00007ff918430000 - 0x00007ff918439000 	C:\WINDOWS\SYSTEM32\WSOCK32.dll
0x00007ff91cbd0000 - 0x00007ff91cc3c000 	C:\WINDOWS\System32\WS2_32.dll
0x00007ff9101c0000 - 0x00007ff9101ea000 	C:\WINDOWS\SYSTEM32\winmmbase.dll
0x00007ff919e40000 - 0x00007ff919e89000 	C:\WINDOWS\System32\cfgmgr32.dll
0x000000005ca60000 - 0x000000005ca6f000 	C:\Program Files\Java\jdk1.8.0_151\jre\bin\verify.dll
0x000000005ca30000 - 0x000000005ca59000 	C:\Program Files\Java\jdk1.8.0_151\jre\bin\java.dll
0x000000005ca10000 - 0x000000005ca26000 	C:\Program Files\Java\jdk1.8.0_151\jre\bin\zip.dll
0x00007ff91b2f0000 - 0x00007ff91c730000 	C:\WINDOWS\System32\SHELL32.dll
0x00007ff91aca0000 - 0x00007ff91ad49000 	C:\WINDOWS\System32\shcore.dll
0x00007ff91a2a0000 - 0x00007ff91a9ad000 	C:\WINDOWS\System32\windows.storage.dll
0x00007ff91abc0000 - 0x00007ff91ac11000 	C:\WINDOWS\System32\shlwapi.dll
0x00007ff9198f0000 - 0x00007ff919901000 	C:\WINDOWS\System32\kernel.appcore.dll
0x00007ff9198d0000 - 0x00007ff9198ef000 	C:\WINDOWS\System32\profapi.dll
0x00007ff919870000 - 0x00007ff9198bc000 	C:\WINDOWS\System32\powrprof.dll
0x00007ff9198c0000 - 0x00007ff9198ca000 	C:\WINDOWS\System32\FLTLIB.DLL
0x000000005ca00000 - 0x000000005ca0d000 	C:\Program Files\Java\jdk1.8.0_151\jre\bin\management.dll
0x000000005c9e0000 - 0x000000005c9fa000 	C:\Program Files\Java\jdk1.8.0_151\jre\bin\net.dll
0x00007ff9190d0000 - 0x00007ff919136000 	C:\WINDOWS\system32\mswsock.dll
0x00007ff9043f0000 - 0x00007ff904406000 	C:\WINDOWS\system32\napinsp.dll
0x00007ff914810000 - 0x00007ff91482a000 	C:\WINDOWS\system32\pnrpnsp.dll
0x00007ff914050000 - 0x00007ff914069000 	C:\WINDOWS\system32\NLAapi.dll
0x00007ff918e90000 - 0x00007ff918f4e000 	C:\WINDOWS\SYSTEM32\DNSAPI.dll
0x00007ff91cd70000 - 0x00007ff91cd78000 	C:\WINDOWS\System32\NSI.dll
0x00007ff918e50000 - 0x00007ff918e88000 	C:\WINDOWS\SYSTEM32\IPHLPAPI.DLL
0x00007ff914830000 - 0x00007ff91483e000 	C:\WINDOWS\System32\winrnr.dll
0x00007ff915790000 - 0x00007ff9157a5000 	C:\WINDOWS\System32\wshbth.dll
0x00007ff9122f0000 - 0x00007ff9122fa000 	C:\Windows\System32\rasadhlp.dll
0x00007ff915930000 - 0x00007ff9159a2000 	C:\WINDOWS\System32\fwpuclnt.dll
0x00007ff9193b0000 - 0x00007ff9193d5000 	C:\WINDOWS\SYSTEM32\bcrypt.dll
0x000000005c020000 - 0x000000005c031000 	C:\Program Files\Java\jdk1.8.0_151\jre\bin\nio.dll
0x00007ff919280000 - 0x00007ff919297000 	C:\WINDOWS\SYSTEM32\CRYPTSP.dll
0x00007ff918cb0000 - 0x00007ff918ce3000 	C:\WINDOWS\system32\rsaenh.dll
0x00007ff919780000 - 0x00007ff9197a8000 	C:\WINDOWS\SYSTEM32\USERENV.dll
0x00007ff9192a0000 - 0x00007ff9192ab000 	C:\WINDOWS\SYSTEM32\CRYPTBASE.dll
0x00007ff915840000 - 0x00007ff915856000 	C:\WINDOWS\SYSTEM32\dhcpcsvc6.DLL
0x00007ff915820000 - 0x00007ff91583a000 	C:\WINDOWS\SYSTEM32\dhcpcsvc.DLL
0x00007ff918230000 - 0x00007ff9183f9000 	C:\WINDOWS\SYSTEM32\dbghelp.dll

VM Arguments:
jvm_args: -Dfile.encoding=UTF-8 
java_command: com.polo.rest.polo.PoloApplication
java_class_path (initial): C:\Program Files\Java\jdk1.8.0_151\jre\lib\resources.jar;C:\Program Files\Java\jdk1.8.0_151\jre\lib\rt.jar;C:\Program Files\Java\jdk1.8.0_151\jre\lib\jsse.jar;C:\Program Files\Java\jdk1.8.0_151\jre\lib\jce.jar;C:\Program Files\Java\jdk1.8.0_151\jre\lib\charsets.jar;C:\Program Files\Java\jdk1.8.0_151\jre\lib\jfr.jar;C:\Program Files\Java\jdk1.8.0_151\jre\lib\ext\access-bridge-64.jar;C:\Program Files\Java\jdk1.8.0_151\jre\lib\ext\cldrdata.jar;C:\Program Files\Java\jdk1.8.0_151\jre\lib\ext\dnsns.jar;C:\Program Files\Java\jdk1.8.0_151\jre\lib\ext\jaccess.jar;C:\Program Files\Java\jdk1.8.0_151\jre\lib\ext\jfxrt.jar;C:\Program Files\Java\jdk1.8.0_151\jre\lib\ext\localedata.jar;C:\Program Files\Java\jdk1.8.0_151\jre\lib\ext\nashorn.jar;C:\Program Files\Java\jdk1.8.0_151\jre\lib\ext\sunec.jar;C:\Program Files\Java\jdk1.8.0_151\jre\lib\ext\sunjce_provider.jar;C:\Program Files\Java\jdk1.8.0_151\jre\lib\ext\sunmscapi.jar;C:\Program Files\Java\jdk1.8.0_151\jre\lib\ext\sunpkcs11.jar;C:\Program Files\Java\jdk1.8.0_151\jre\lib\ext\zipfs.jar;D:\Work\Exercicios\Pollo\JavaCode\polo\target\classes;C:\Users\francisco.filipe\.m2\repository\org\springframework\boot\spring-boot-starter-data-jpa\2.0.5.RELEASE\spring-boot-starter-data-jpa-2.0.5.RELEASE.jar;C:\Users\francisco.filipe\.m2\repository\org\springframework\boot\spring-boot-starter\2.0.5.RELEASE\spring-boot-starter-2.0.5.RELEASE.jar;C:\Users\francisco.filipe\.m2\repository\org\springframework\boot\spring-boot-starter-logging\2.0.5.RELEASE\spring-boot-starter-logging-2.0.5.RELEASE.jar;C:\Users\francisco.filipe\.m2\repository\ch\qos\logback\logback-classic\1.2.3\logback-classic-1.2.3.jar;C:\Users\francisco.filipe\.m2\repository\ch\qos\logback\logback-core\1.2.3\logback-core-1.2.3.jar;C:\Users\francisco.filipe\.m2\repository\org\apache\logging\log4j\log4j-to-slf4j\2.10.0\log4j-to-slf4j-2.10.0.jar;C:\Users\francisco.filipe\.m2\repository\org\apache\logging\log4j\log4j-api\2.10.0\log4j-api-2.10.0.jar;C:\User
Launcher Type: SUN_STANDARD

Environment Variables:
JAVA_HOME=C:\Program Files\Java\jdk1.8.0_191
CLASSPATH=.;C:\Program Files\Java\jdk1.8.0_191\lib;C:\Program Files\Java\jdk1.8.0_191\jre\lib
PATH=C:/Program Files/Java/jdk1.8.0_191/bin/../jre/bin/server;C:/Program Files/Java/jdk1.8.0_191/bin/../jre/bin;C:/Program Files/Java/jdk1.8.0_191/bin/../jre/lib/amd64;C:\WINDOWS\system32;C:\WINDOWS;C:\WINDOWS\System32\Wbem;C:\WINDOWS\System32\WindowsPowerShell\v1.0\;C:\Program Files\Java\jdk1.8.0_191\bin;C:\Program Files\apache-maven-3.5.2\bin;C:\Program Files\Sublime Text 3\;C:\Program Files\Java\jre6-x86\bin\javaws.exe;C:\Program Files\Git\cmd;C:\Program Files\nodejs\;C:\Program Files\PuTTY\;C:\WINDOWS\System32\OpenSSH\;C:\PROGRA~2\Groovy\GROOVY~1.5\bin;C:\Program Files (x86)\Microsoft SQL Server\Client SDK\ODBC\130\Tools\Binn\;C:\Program Files (x86)\Microsoft SQL Server\140\Tools\Binn\;C:\Program Files (x86)\Microsoft SQL Server\140\DTS\Binn\;C:\Program Files (x86)\Microsoft SQL Server\140\Tools\Binn\ManagementStudio\;C:\Program Files\TortoiseSVN\bin;C:\HashiCorp\Vagrant\bin;C:\PostgreSQL\pg11\bin;C:\Program Files (x86)\Calibre2\;C:\Program Files\Docker\Docker\Resources\bin;C:\Windows\system32;C:\Windows;C:\Windows\System32\Wbem;C:\Windows\System32\WindowsPowerShell\v1.0\;C:\HashiCorp\Vagrant\bin;C:\Program Files\apache-maven-3.5.2\bin;C:\Program Files\TortoiseSVN\bin;C:\Program Files\Sublime Text 3\;C:\Users\francisco.filipe\AppData\Roaming\npm;C:\Users\francisco.filipe\AppData\Local\Microsoft\WindowsApps;C:\Program Files (x86)\Groovy\Groovy-2.4.5\bin;C:\Program Files (x86)\Spring\spring-2.0.3.RELEASE\bin;C:\Program Files\Docker Toolbox;C:\Program Files\Java\jre6-x86\bin\javaws.exe;C:\Program Files\heroku\bin;C:\Program Files\Java\jdk1.8.0_191\bin;;C:\Users\francisco.filipe\Desktop;
USERNAME=francisco.filipe
OS=Windows_NT
PROCESSOR_IDENTIFIER=Intel64 Family 6 Model 61 Stepping 4, GenuineIntel



---------------  S Y S T E M  ---------------

OS: Windows 10.0 , 64 bit Build 17134 (10.0.17134.556)

CPU:total 4 (initial active 4) (2 cores per cpu, 2 threads per core) family 6 model 61 stepping 4, cmov, cx8, fxsr, mmx, sse, sse2, sse3, ssse3, sse4.1, sse4.2, popcnt, avx, avx2, aes, clmul, erms, 3dnowpref, lzcnt, ht, tsc, tscinvbit, bmi1, bmi2, adx

Memory: 4k page, physical 16676636k(3150224k free), swap 26974564k(3520576k free)

vm_info: Java HotSpot(TM) 64-Bit Server VM (25.151-b12) for windows-amd64 JRE (1.8.0_151-b12), built on Sep  5 2017 19:33:46 by "java_re" with MS VC++ 10.0 (VS2010)

time: Mon Mar 04 17:05:26 2019
elapsed time: 11 seconds (0d 0h 0m 11s)

